build/app/outputs/mapping/release/mapping.txt
# compiler: R8
# compiler_version: 1.5.64
# min_api: 16
# pg_map_id: c1f2443
...
io.flutter.embedding.engine.plugins.shim.ShimPluginRegistry -> io.flutter.embedding.engine.g.g.a:
    java.util.Map pluginMap -> b
    io.flutter.embedding.engine.plugins.shim.ShimPluginRegistry$ShimRegistrarAggregate shimRegistrarAggregate -> c
    io.flutter.embedding.engine.FlutterEngine flutterEngine -> a
    io.flutter.plugin.common.PluginRegistry$Registrar registrarFor(java.lang.String) -> a
io.flutter.embedding.engine.plugins.shim.ShimPluginRegistry$1 -> io.flutter.embedding.engine.g.g.a$a:
io.flutter.embedding.engine.plugins.shim.ShimPluginRegistry$ShimRegistrarAggregate -> io.flutter.embedding.engine.g.g.a$b:
    io.flutter.embedding.engine.plugins.activity.ActivityPluginBinding activityPluginBinding -> c
    io.flutter.embedding.engine.plugins.FlutterPlugin$FlutterPluginBinding flutterPluginBinding -> b
    java.util.Set shimRegistrars -> a
    void addPlugin(io.flutter.embedding.engine.plugins.shim.ShimRegistrar) -> a
    void onAttachedToActivity(io.flutter.embedding.engine.plugins.activity.ActivityPluginBinding) -> a
    void onDetachedFromActivity() -> a
    void onDetachedFromEngine(io.flutter.embedding.engine.plugins.FlutterPlugin$FlutterPluginBinding) -> a
    void onAttachedToEngine(io.flutter.embedding.engine.plugins.FlutterPlugin$FlutterPluginBinding) -> b
    void onDetachedFromActivityForConfigChanges() -> b
    void onReattachedToActivityForConfigChanges(io.flutter.embedding.engine.plugins.activity.ActivityPluginBinding) -> b
io.flutter.embedding.engine.plugins.shim.ShimRegistrar -> io.flutter.embedding.engine.g.g.b:
    java.util.Set activityResultListeners -> c
    java.util.Set newIntentListeners -> d
    java.util.Set userLeaveHintListeners -> e
    java.util.Set viewDestroyListeners -> a
    io.flutter.embedding.engine.plugins.FlutterPlugin$FlutterPluginBinding pluginBinding -> f
    java.util.Set requestPermissionsResultListeners -> b
    io.flutter.embedding.engine.plugins.activity.ActivityPluginBinding activityPluginBinding -> g
    void onAttachedToActivity(io.flutter.embedding.engine.plugins.activity.ActivityPluginBinding) -> a
    void onDetachedFromActivity() -> a
    void onDetachedFromEngine(io.flutter.embedding.engine.plugins.FlutterPlugin$FlutterPluginBinding) -> a
    void onAttachedToEngine(io.flutter.embedding.engine.plugins.FlutterPlugin$FlutterPluginBinding) -> b
    void onDetachedFromActivityForConfigChanges() -> b
    void onReattachedToActivityForConfigChanges(io.flutter.embedding.engine.plugins.activity.ActivityPluginBinding) -> b
    io.flutter.plugin.common.BinaryMessenger messenger() -> c
    android.content.Context activeContext() -> d
    android.app.Activity activity() -> e
    android.content.Context context() -> f
    void addExistingListenersToActivityPluginBinding() -> g